make all --print-data-base --no-builtin-variables --no-builtin-rules --question
make -C /home/samantha/Downloads/projeto-1-concorrente/src all
# GNU Make 4.2.1
# Built for x86_64-pc-linux-gnu
# Copyright (C) 1988-2016 Free Software Foundation, Inc.
# License GPLv3+: GNU GPL version 3 or later <http://gnu.org/licenses/gpl.html>
# This is free software: you are free to change and redistribute it.
# There is NO WARRANTY, to the extent permitted by law.

# Make data base, printed on Sat Jun 18 00:02:45 2022

# Variables

# 'override' directive
GNUMAKEFLAGS := 
# automatic
<D = $(patsubst %/,%,$(dir $<))
# automatic
?F = $(notdir $?)
# environment
DESKTOP_SESSION = ubuntu
# default
.SHELLFLAGS := -c
# makefile (from 'Makefile', line 39)
OBJ = $(SRC:.c=.o)
# environment
INCDIR = /home/samantha/Downloads/projeto-1-concorrente/include
# environment
XDG_SESSION_CLASS = user
# makefile (from 'Makefile', line 36)
SRC = $(wildcard *.c)
# environment
XDG_SESSION_TYPE = x11
# environment
VSCODE_LOG_NATIVE = false
# environment
NVM_INC = /home/samantha/.nvm/versions/node/v17.4.0/include/node
# automatic
?D = $(patsubst %/,%,$(dir $?))
# automatic
@D = $(patsubst %/,%,$(dir $@))
# environment
XAUTHORITY = /run/user/1000/gdm/Xauthority
# environment
GDMSESSION = ubuntu
# environment
XMODIFIERS = @im=ibus
# makefile
CURDIR := /home/samantha/Downloads/projeto-1-concorrente/src
# makefile
SHELL = /bin/sh
# environment
VSCODE_NLS_CONFIG = {"locale":"pt-br","availableLanguages":{"*":"pt-br"},"_languagePackId":"74ce6549a467d1dfaba55fb5394742c9.pt-br","_translationsConfigFile":"/home/samantha/.config/Code/clp/74ce6549a467d1dfaba55fb5394742c9.pt-br/tcf.json","_cacheRoot":"/home/samantha/.config/Code/clp/74ce6549a467d1dfaba55fb5394742c9.pt-br","_resolvedLanguagePackCoreLocation":"/home/samantha/.config/Code/clp/74ce6549a467d1dfaba55fb5394742c9.pt-br/da15b6fd3ef856477bf6f4fb29ba1b7af717770d","_corruptedFile":"/home/samantha/.config/Code/clp/74ce6549a467d1dfaba55fb5394742c9.pt-br/corrupted.info","_languagePackSupport":true}
# environment
_ = /usr/share/code/code
# makefile (from '/home/samantha/Downloads/projeto-1-concorrente/build/makefile.config', line 49)
CFLAGS = -Wall -Werror -std=c11 -pthread -D_POSIX_C_SOURCE=200809L  -fsanitize=address -fsanitize=undefined -I $(INCDIR) $(ADDONS) -D NDEBUG
# environment
JOURNAL_STREAM = 8:51375
# environment
XDG_CONFIG_DIRS = /etc/xdg/xdg-ubuntu:/etc/xdg
# makefile (from '/home/samantha/Downloads/projeto-1-concorrente/build/makefile.executable', line 1)
MAKEFILE_LIST :=  Makefile /home/samantha/Downloads/projeto-1-concorrente/build/makefile.config /home/samantha/Downloads/projeto-1-concorrente/build/makefile.executable
# automatic
@F = $(notdir $@)
# environment
IM_CONFIG_PHASE = 1
# environment
USERNAME = samantha
# environment
MANDATORY_PATH = /usr/share/gconf/ubuntu.mandatory.path
# environment
XDG_DATA_DIRS = /usr/share/ubuntu:/usr/local/share/:/usr/share/:/var/lib/snapd/desktop
# environment
DBUS_SESSION_BUS_ADDRESS = unix:path=/run/user/1000/bus
# environment
VSCODE_VERBOSE_LOGGING = true
# environment
BUILDDIR = /home/samantha/Downloads/projeto-1-concorrente/build
# environment
MANAGERPID = 2707
# environment
LESSOPEN = | /usr/bin/lesspipe %s
# environment
VSCODE_CWD = /home/samantha
# default
MAKE_HOST := x86_64-pc-linux-gnu
# environment
RELEASE = true
# environment
PATH = /home/samantha/.local/bin:/home/samantha/bin:/home/samantha/.nvm/versions/node/v17.4.0/bin:/home/samantha/.local/bin:/home/samantha/bin:/usr/local/sbin:/usr/local/bin:/usr/sbin:/usr/bin:/sbin:/bin:/usr/games:/usr/local/games:/snap/bin
# environment
GPG_AGENT_INFO = /run/user/1000/gnupg/S.gpg-agent:0:1
# environment
SESSION_MANAGER = local/samantha-aspire:@/tmp/.ICE-unix/2937,unix/samantha-aspire:/tmp/.ICE-unix/2937
# environment
XDG_RUNTIME_DIR = /run/user/1000
# environment
NVM_BIN = /home/samantha/.nvm/versions/node/v17.4.0/bin
# environment
XDG_MENU_PREFIX = gnome-
# environment
VSCODE_LOG_STACK = false
# environment
ELECTRON_RUN_AS_NODE = 1
# environment
INVOCATION_ID = dd876bbc21ca49b88fe45aafa4952826
# default
.FEATURES := target-specific order-only second-expansion else-if shortest-stem undefine oneshell archives jobserver output-sync check-symlink load
# environment
LS_COLORS = 
# environment
XDG_SESSION_DESKTOP = ubuntu
# environment
SSH_AUTH_SOCK = /run/user/1000/keyring/ssh
# environment
GIO_LAUNCHED_DESKTOP_FILE_PID = 21508
# automatic
%F = $(notdir $%)
# environment
DISPLAY = :0
# environment
VSCODE_PIPE_LOGGING = true
# environment
PWD = /home/samantha/Downloads/projeto-1-concorrente
# default
.LOADED := 
# environment
SSH_AGENT_PID = 2898
# environment
ORIGINAL_XDG_CURRENT_DESKTOP = ubuntu:GNOME
# environment
GTK_MODULES = gail:atk-bridge
# environment
VSCODE_AMD_ENTRYPOINT = vs/workbench/api/node/extensionHostProcess
# environment
HOME = /home/samantha
# environment
LESSCLOSE = /usr/bin/lesspipe %s %s
# environment
VSCODE_CODE_CACHE_PATH = /home/samantha/.config/Code/CachedData/da15b6fd3ef856477bf6f4fb29ba1b7af717770d
# environment
LOGNAME = samantha
# environment
APPLICATION_INSIGHTS_NO_DIAGNOSTIC_CHANNEL = 1
# environment
NVM_CD_FLAGS = 
# environment
VSCODE_HANDLES_UNCAUGHT_ERRORS = true
# environment
GNOME_DESKTOP_SESSION_ID = this-is-deprecated
# automatic
^D = $(patsubst %/,%,$(dir $^))
# environment
MAKELEVEL := 1
# environment
VERBOSE = false
# default
MAKE = $(MAKE_COMMAND)
# default
MAKECMDGOALS := all
# environment
QT_IM_MODULE = ibus
# environment
SHLVL = 0
# environment
BINDIR = /home/samantha/Downloads/projeto-1-concorrente/bin
# environment
GNOME_SHELL_SESSION_MODE = ubuntu
# environment
VSCODE_IPC_HOOK_EXTHOST = /run/user/1000/vscode-ipc-5c583f16-ea3e-4b61-881f-85a2af313661.sock
# environment
EXEC = program
# default
MAKE_VERSION := 4.2.1
# environment
USER = samantha
# makefile
.DEFAULT_GOAL := all
# environment
XDG_CURRENT_DESKTOP = Unity
# automatic
%D = $(patsubst %/,%,$(dir $%))
# default
MAKE_COMMAND := make
# default
.VARIABLES := 
# automatic
*F = $(notdir $*)
# environment
LANGUAGE = pt_BR:pt:en
# environment
VSCODE_IPC_HOOK = /run/user/1000/vscode-c5f2d40b-1.67.1-main.sock
# makefile
MAKEFLAGS = pqrRw
# environment
MFLAGS = -pqrRw
# automatic
*D = $(patsubst %/,%,$(dir $*))
# environment
NVM_DIR = /home/samantha/.nvm
# automatic
+D = $(patsubst %/,%,$(dir $+))
# environment
GDK_BACKEND = x11
# automatic
+F = $(notdir $+)
# environment
QT_ACCESSIBILITY = 1
# environment
DEFAULTS_PATH = /usr/share/gconf/ubuntu.default.path
# default
MAKEFILES := 
# automatic
<F = $(notdir $<)
# automatic
^F = $(notdir $^)
# environment
LC_ALL = C
# environment
GJS_DEBUG_TOPICS = JS ERROR;JS LOG
# makefile (from '/home/samantha/Downloads/projeto-1-concorrente/build/makefile.config', line 59)
LIBS = -lm -lpthread -fsanitize=address -lubsan
# environment
SRCDIR = /home/samantha/Downloads/projeto-1-concorrente/src
# default
SUFFIXES := 
# environment
ROOTDIR = /home/samantha/Downloads/projeto-1-concorrente
# environment
CHROME_DESKTOP = code-url-handler.desktop
# environment
WINDOWPATH = 2
# default
.INCLUDE_DIRS = /usr/include /usr/local/include /usr/include
# environment
GJS_DEBUG_OUTPUT = stderr
# default
.RECIPEPREFIX := 
# environment
GIO_LAUNCHED_DESKTOP_FILE = /usr/share/applications/code.desktop
# environment
LANG = C
# environment
VSCODE_PID = 21508
# variable set hash-table stats:
# Load=116/1024=11%, Rehash=0, Collisions=18/187=10%

# Pattern-specific Variable Values

# No pattern-specific variable values.

# Directories

# /home/samantha/Downloads/projeto-1-concorrente/include (device 66309, inode 919603): 10 files, no impossibilities.
# . (device 66309, inode 919615): 21 files, no impossibilities.

# 31 files, no impossibilities in 2 directories.

# Implicit Rules

%.o: %.c /home/samantha/Downloads/projeto-1-concorrente/include/student.h /home/samantha/Downloads/projeto-1-concorrente/include/buffet.h /home/samantha/Downloads/projeto-1-concorrente/include/worker_gate.h /home/samantha/Downloads/projeto-1-concorrente/include/queue.h /home/samantha/Downloads/projeto-1-concorrente/include/table.h /home/samantha/Downloads/projeto-1-concorrente/include/config.h /home/samantha/Downloads/projeto-1-concorrente/include/globals.h /home/samantha/Downloads/projeto-1-concorrente/include/chef.h
#  recipe to execute (from '/home/samantha/Downloads/projeto-1-concorrente/build/makefile.executable', line 55):
	@echo [CC] $@
	@$(CC) $(CFLAGS) $< -c -o $@

# 1 implicit rules, 0 (0.0%) terminal.

# Files

# Not a target:
/home/samantha/Downloads/projeto-1-concorrente/include/worker_gate.h:
#  Implicit rule search has been done.
#  Last modified 2022-06-13 16:36:17.92135409
#  File has been updated.
#  Successfully updated.

# Not a target:
worker_gate.c:
#  Implicit rule search has been done.
#  Last modified 2022-06-16 21:29:23.740486734
#  File has been updated.
#  Successfully updated.

table.o: table.c /home/samantha/Downloads/projeto-1-concorrente/include/student.h /home/samantha/Downloads/projeto-1-concorrente/include/buffet.h /home/samantha/Downloads/projeto-1-concorrente/include/worker_gate.h /home/samantha/Downloads/projeto-1-concorrente/include/queue.h /home/samantha/Downloads/projeto-1-concorrente/include/table.h /home/samantha/Downloads/projeto-1-concorrente/include/config.h /home/samantha/Downloads/projeto-1-concorrente/include/globals.h /home/samantha/Downloads/projeto-1-concorrente/include/chef.h
#  Implicit rule search has been done.
#  Implicit/static pattern stem: 'table'
#  Last modified 2022-06-17 23:53:53.393482299
#  File has been updated.
#  Successfully updated.
#  recipe to execute (from '/home/samantha/Downloads/projeto-1-concorrente/build/makefile.executable', line 55):
	@echo [CC] $@
	@$(CC) $(CFLAGS) $< -c -o $@

# Not a target:
/home/samantha/Downloads/projeto-1-concorrente/include/globals.h:
#  Implicit rule search has been done.
#  Last modified 2022-06-17 20:26:22.922402035
#  File has been updated.
#  Successfully updated.

all: queue.o buffet.o worker_gate.o config.o table.o student.o main.o globals.o chef.o
#  Command line target.
#  Implicit rule search has not been done.
#  Implicit/static pattern stem: ''
#  File does not exist.
#  File has been updated.
#  Needs to be updated (-q is set).
# automatic
# @ := all
# automatic
# % := 
# automatic
# * := 
# automatic
# + := queue.o buffet.o worker_gate.o config.o table.o student.o main.o globals.o chef.o
# automatic
# | := 
# automatic
# < := queue.o
# automatic
# ^ := queue.o buffet.o worker_gate.o config.o table.o student.o main.o globals.o chef.o
# automatic
# ? := queue.o buffet.o worker_gate.o config.o table.o student.o main.o globals.o chef.o
# variable set hash-table stats:
# Load=8/32=25%, Rehash=0, Collisions=7/19=37%
#  recipe to execute (from '/home/samantha/Downloads/projeto-1-concorrente/build/makefile.executable', line 28):
	@echo [CC] $(EXEC)
	@$(CC) $(LDFLAGS) -o $(ROOTDIR)/$(EXEC) $(OBJ) $(LIBS)

queue.o: queue.c /home/samantha/Downloads/projeto-1-concorrente/include/student.h /home/samantha/Downloads/projeto-1-concorrente/include/buffet.h /home/samantha/Downloads/projeto-1-concorrente/include/worker_gate.h /home/samantha/Downloads/projeto-1-concorrente/include/queue.h /home/samantha/Downloads/projeto-1-concorrente/include/table.h /home/samantha/Downloads/projeto-1-concorrente/include/config.h /home/samantha/Downloads/projeto-1-concorrente/include/globals.h /home/samantha/Downloads/projeto-1-concorrente/include/chef.h
#  Implicit rule search has been done.
#  Implicit/static pattern stem: 'queue'
#  Last modified 2022-06-17 23:53:53.389482298
#  File has been updated.
#  Successfully updated.
#  recipe to execute (from '/home/samantha/Downloads/projeto-1-concorrente/build/makefile.executable', line 55):
	@echo [CC] $@
	@$(CC) $(CFLAGS) $< -c -o $@

# Not a target:
/home/samantha/Downloads/projeto-1-concorrente/include/config.h:
#  Implicit rule search has been done.
#  Last modified 2022-06-13 16:36:17.92135409
#  File has been updated.
#  Successfully updated.

# Not a target:
main.c:
#  Implicit rule search has been done.
 
#  Last modified 2022-06-13 16:36:17.925354626
#  File has been updated.
#  Successfully updated.

student.o: student.c /home/samantha/Downloads/projeto-1-concorrente/include/student.h /home/samantha/Downloads/projeto-1-concorrente/include/buffet.h /home/samantha/Downloads/projeto-1-concorrente/include/worker_gate.h /home/samantha/Downloads/projeto-1-concorrente/include/queue.h /home/samantha/Downloads/projeto-1-concorrente/include/table.h /home/samantha/Downloads/projeto-1-concorrente/include/config.h /home/samantha/Downloads/projeto-1-concorrente/include/globals.h /home/samantha/Downloads/projeto-1-concorrente/include/chef.h
#  Implicit rule search has been done.
#  Implicit/static pattern stem: 'student'
#  Last modified 2022-06-17 23:53:53.389482298
#  File has been updated.
#  Successfully updated.
#  recipe to execute (from '/home/samantha/Downloads/projeto-1-concorrente/build/makefile.executable', line 55):
	@echo [CC] $@
	@$(CC) $(CFLAGS) $< -c -o $@

distclean: clean
#  Implicit rule search has not been done.
#  Modification time never checked.
#  File has not been updated.
#  recipe to execute (from '/home/samantha/Downloads/projeto-1-concorrente/build/makefile.executable', line 46):
	@echo [CLEAN] $(EXEC)
	@rm -rf $(ROOTDIR)/$(EXEC)

# Not a target:
/home/samantha/Downloads/projeto-1-concorrente/include/student.h:
#  Implicit rule search has been done.
#  Last modified 2022-06-16 19:20:45.69660049
#  File has been updated.
#  Successfully updated.

# Not a target:
.SUFFIXES:
#  Implicit rule search has not been done.
#  Modification time never checked.
#  File has not been updated.

# Not a target:
Makefile:
#  Implicit rule search has been done.
#  Last modified 2022-06-13 16:36:17.92135409
#  File has been updated.
#  Successfully updated.

# Not a target:
/home/samantha/Downloads/projeto-1-concorrente/build/makefile.executable:
#  Implicit rule search has been done.
#  Last modified 2022-06-13 16:36:17.92135409
#  File has been updated.
#  Successfully updated.

chef.o: chef.c /home/samantha/Downloads/projeto-1-concorrente/include/student.h /home/samantha/Downloads/projeto-1-concorrente/include/buffet.h /home/samantha/Downloads/projeto-1-concorrente/include/worker_gate.h /home/samantha/Downloads/projeto-1-concorrente/include/queue.h /home/samantha/Downloads/projeto-1-concorrente/include/table.h /home/samantha/Downloads/projeto-1-concorrente/include/config.h /home/samantha/Downloads/projeto-1-concorrente/include/globals.h /home/samantha/Downloads/projeto-1-concorrente/include/chef.h
#  Implicit rule search has been done.
#  Implicit/static pattern stem: 'chef'
#  Last modified 2022-06-17 23:53:53.389482298
#  File has been updated.
#  Successfully updated.
#  recipe to execute (from '/home/samantha/Downloads/projeto-1-concorrente/build/makefile.executable', line 55):
	@echo [CC] $@
	@$(CC) $(CFLAGS) $< -c -o $@

# Not a target:
/home/samantha/Downloads/projeto-1-concorrente/include/chef.h:
#  Implicit rule search has been done.
#  Last modified 2022-06-13 16:36:17.92135409
#  File has been updated.
#  Successfully updated.

# Not a target:
table.c:
#  Implicit rule search has been done.
#  Last modified 2022-06-13 16:36:17.925354626
#  File has been updated.
#  Successfully updated.

# Not a target:
/home/samantha/Downloads/projeto-1-concorrente/include/buffet.h:
#  Implicit rule search has been done.
#  Last modified 2022-06-17 23:53:53.389482298
#  File has been updated.
#  Successfully updated.

# Not a target:
queue.c:
#  Implicit rule search has been done.
#  Last modified 2022-06-13 16:36:17.925354626
#  File has been updated.
#  Successfully updated.

# Not a target:
/home/samantha/Downloads/projeto-1-concorrente/include/table.h:
#  Implicit rule search has been done.
#  Last modified 2022-06-13 16:36:17.92135409
#  File has been updated.
#  Successfully updated.

worker_gate.o: worker_gate.c /home/samantha/Downloads/projeto-1-concorrente/include/student.h /home/samantha/Downloads/projeto-1-concorrente/include/buffet.h /home/samantha/Downloads/projeto-1-concorrente/include/worker_gate.h /home/samantha/Downloads/projeto-1-concorrente/include/queue.h /home/samantha/Downloads/projeto-1-concorrente/include/table.h /home/samantha/Downloads/projeto-1-concorrente/include/config.h /home/samantha/Downloads/projeto-1-concorrente/include/globals.h /home/samantha/Downloads/projeto-1-concorrente/include/chef.h
#  Implicit rule search has been done.
#  Implicit/static pattern stem: 'worker_gate'
#  Last modified 2022-06-17 23:53:53.393482299
#  File has been updated.
#  Successfully updated.
#  recipe to execute (from '/home/samantha/Downloads/projeto-1-concorrente/build/makefile.executable', line 55):
	@echo [CC] $@
	@$(CC) $(CFLAGS) $< -c -o $@

# Not a target:
student.c:
#  Implicit rule search has been done.
#  Last modified 2022-06-17 20:40:12.056390022
#  File has been updated.
#  Successfully updated.

globals.o: globals.c /home/samantha/Downloads/projeto-1-concorrente/include/student.h /home/samantha/Downloads/projeto-1-concorrente/include/buffet.h /home/samantha/Downloads/projeto-1-concorrente/include/worker_gate.h /home/samantha/Downloads/projeto-1-concorrente/include/queue.h /home/samantha/Downloads/projeto-1-concorrente/include/table.h /home/samantha/Downloads/projeto-1-concorrente/include/config.h /home/samantha/Downloads/projeto-1-concorrente/include/globals.h /home/samantha/Downloads/projeto-1-concorrente/include/chef.h
#  Implicit rule search has been done.
#  Implicit/static pattern stem: 'globals'
#  Last modified 2022-06-17 23:53:53.389482298
#  File has been updated.
#  Successfully updated.
#  recipe to execute (from '/home/samantha/Downloads/projeto-1-concorrente/build/makefile.executable', line 55):
	@echo [CC] $@
	@$(CC) $(CFLAGS) $< -c -o $@

# Not a target:
.DEFAULT:
#  Implicit rule search has not been done.
#  Modification time never checked.
#  File has not been updated.

# Not a target:
/home/samantha/Downloads/projeto-1-concorrente/build/makefile.config:
#  Implicit rule search has been done.
#  Last modified 2022-06-13 16:36:17.92135409
#  File has been updated.
#  Successfully updated.

buffet.o: buffet.c /home/samantha/Downloads/projeto-1-concorrente/include/student.h /home/samantha/Downloads/projeto-1-concorrente/include/buffet.h /home/samantha/Downloads/projeto-1-concorrente/include/worker_gate.h /home/samantha/Downloads/projeto-1-concorrente/include/queue.h /home/samantha/Downloads/projeto-1-concorrente/include/table.h /home/samantha/Downloads/projeto-1-concorrente/include/config.h /home/samantha/Downloads/projeto-1-concorrente/include/globals.h /home/samantha/Downloads/projeto-1-concorrente/include/chef.h
#  Implicit rule search has been done.
#  Implicit/static pattern stem: 'buffet'
#  Last modified 2022-06-17 23:53:53.389482298
#  File has been updated.
#  Successfully updated.
#  recipe to execute (from '/home/samantha/Downloads/projeto-1-concorrente/build/makefile.executable', line 55):
	@echo [CC] $@
	@$(CC) $(CFLAGS) $< -c -o $@

clean:
#  Implicit rule search has not been done.
#  Modification time never checked.
#  File has not been updated.
#  recipe to execute (from '/home/samantha/Downloads/projeto-1-concorrente/build/makefile.executable', line 37):
	@echo [CLEAN] $(OBJ)
	@rm -rf $(OBJ)

# Not a target:
chef.c:
#  Implicit rule search has been done.
#  Last modified 2022-06-17 20:39:51.7937829
#  File has been updated.
#  Successfully updated.

main.o: main.c /home/samantha/Downloads/projeto-1-concorrente/include/student.h /home/samantha/Downloads/projeto-1-concorrente/include/buffet.h /home/samantha/Downloads/projeto-1-concorrente/include/worker_gate.h /home/samantha/Downloads/projeto-1-concorrente/include/queue.h /home/samantha/Downloads/projeto-1-concorrente/include/table.h /home/samantha/Downloads/projeto-1-concorrente/include/config.h /home/samantha/Downloads/projeto-1-concorrente/include/globals.h /home/samantha/Downloads/projeto-1-concorrente/include/chef.h
#  Implicit rule search has been done.
#  Implicit/static pattern stem: 'main'
#  Last modified 2022-06-17 23:53:53.389482298
#  File has been updated.
#  Successfully updated.
#  recipe to execute (from '/home/samantha/Downloads/projeto-1-concorrente/build/makefile.executable', line 55):
	@echo [CC] $@
	@$(CC) $(CFLAGS) $< -c -o $@

# Not a target:
/home/samantha/Downloads/projeto-1-concorrente/include/queue.h:
#  Implicit rule search has been done.
#  Last modified 2022-06-13 16:36:17.92135409
#  File has been updated.
#  Successfully updated.

# Not a target:
config.c:
#  Implicit rule search has been done.
#  Last modified 2022-06-13 16:36:17.925354626
#  File has been updated.
#  Successfully updated.

config.o: config.c /home/samantha/Downloads/projeto-1-concorrente/include/student.h /home/samantha/Downloads/projeto-1-concorrente/include/buffet.h /home/samantha/Downloads/projeto-1-concorrente/include/worker_gate.h /home/samantha/Downloads/projeto-1-concorrente/include/queue.h /home/samantha/Downloads/projeto-1-concorrente/include/table.h /home/samantha/Downloads/projeto-1-concorrente/include/config.h /home/samantha/Downloads/projeto-1-concorrente/include/globals.h /home/samantha/Downloads/projeto-1-concorrente/include/chef.h
#  Implicit rule search has been done.
#  Implicit/static pattern stem: 'config'
#  Last modified 2022-06-17 23:53:53.389482298
#  File has been updated.
#  Successfully updated.
#  recipe to execute (from '/home/samantha/Downloads/projeto-1-concorrente/build/makefile.executable', line 55):
	@echo [CC] $@
	@$(CC) $(CFLAGS) $< -c -o $@

# Not a target:
globals.c:
#  Implicit rule search has been done.
#  Last modified 2022-06-17 20:25:45.027069532
#  File has been updated.
#  Successfully updated.

# Not a target:
buffet.c:
#  Implicit rule search has been done.
#  Last modified 2022-06-17 23:53:53.389482298
#  File has been updated.
#  Successfully updated.

# files hash-table stats:
# Load=34/1024=3%, Rehash=0, Collisions=17/229=7%
# VPATH Search Paths

# No 'vpath' search paths.

# No general ('VPATH' variable) search path.

# strcache buffers: 1 (0) / strings = 59 / storage = 1159 B / avg = 19 B
# current buf: size = 8162 B / used = 1159 B / count = 59 / avg = 19 B

# strcache performance: lookups = 244 / hit rate = 75%
# hash-table stats:
# Load=59/8192=1%, Rehash=0, Collisions=2/244=1%
# Finished Make data base on Sat Jun 18 00:02:45 2022

# GNU Make 4.2.1
# Built for x86_64-pc-linux-gnu
# Copyright (C) 1988-2016 Free Software Foundation, Inc.
# License GPLv3+: GNU GPL version 3 or later <http://gnu.org/licenses/gpl.html>
# This is free software: you are free to change and redistribute it.
# There is NO WARRANTY, to the extent permitted by law.

# Make data base, printed on Sat Jun 18 00:02:45 2022

# Variables

# 'override' directive
GNUMAKEFLAGS := 
# automatic
<D = $(patsubst %/,%,$(dir $<))
# automatic
?F = $(notdir $?)
# environment
DESKTOP_SESSION = ubuntu
# default
.SHELLFLAGS := -c
# makefile (from 'Makefile', line 50)
INCDIR := /home/samantha/Downloads/projeto-1-concorrente/include
# environment
XDG_SESSION_CLASS = user
# environment
XDG_SESSION_TYPE = x11
# environment
VSCODE_LOG_NATIVE = false
# environment
NVM_INC = /home/samantha/.nvm/versions/node/v17.4.0/include/node
# automatic
?D = $(patsubst %/,%,$(dir $?))
# environment
IM_CONFIG_PHASE = 1
# automatic
@D = $(patsubst %/,%,$(dir $@))
# environment
XAUTHORITY = /run/user/1000/gdm/Xauthority
# environment
GDMSESSION = ubuntu
# environment
XMODIFIERS = @im=ibus
# makefile
CURDIR := /home/samantha/Downloads/projeto-1-concorrente
# makefile
SHELL = /bin/sh
# environment
VSCODE_NLS_CONFIG = {"locale":"pt-br","availableLanguages":{"*":"pt-br"},"_languagePackId":"74ce6549a467d1dfaba55fb5394742c9.pt-br","_translationsConfigFile":"/home/samantha/.config/Code/clp/74ce6549a467d1dfaba55fb5394742c9.pt-br/tcf.json","_cacheRoot":"/home/samantha/.config/Code/clp/74ce6549a467d1dfaba55fb5394742c9.pt-br","_resolvedLanguagePackCoreLocation":"/home/samantha/.config/Code/clp/74ce6549a467d1dfaba55fb5394742c9.pt-br/da15b6fd3ef856477bf6f4fb29ba1b7af717770d","_corruptedFile":"/home/samantha/.config/Code/clp/74ce6549a467d1dfaba55fb5394742c9.pt-br/corrupted.info","_languagePackSupport":true}
# environment
_ = /usr/share/code/code
# environment
JOURNAL_STREAM = 8:51375
# environment
XDG_CONFIG_DIRS = /etc/xdg/xdg-ubuntu:/etc/xdg
# makefile (from 'Makefile', line 1)
MAKEFILE_LIST :=  Makefile
# automatic
@F = $(notdir $@)
# environment
GIO_LAUNCHED_DESKTOP_FILE = /usr/share/applications/code.desktop
# environment
USERNAME = samantha
# environment
MANDATORY_PATH = /usr/share/gconf/ubuntu.mandatory.path
# environment
XDG_DATA_DIRS = /usr/share/ubuntu:/usr/local/share/:/usr/share/:/var/lib/snapd/desktop
# environment
DBUS_SESSION_BUS_ADDRESS = unix:path=/run/user/1000/bus
# environment
VSCODE_VERBOSE_LOGGING = true
 
# makefile (from 'Makefile', line 49)
BUILDDIR := /home/samantha/Downloads/projeto-1-concorrente/build
# environment
MANAGERPID = 2707
# environment
LESSOPEN = | /usr/bin/lesspipe %s
# environment
VSCODE_CWD = /home/samantha
# default
MAKE_HOST := x86_64-pc-linux-gnu
# makefile (from 'Makefile', line 38)
RELEASE = true
# environment
PATH = /home/samantha/.local/bin:/home/samantha/bin:/home/samantha/.nvm/versions/node/v17.4.0/bin:/home/samantha/.local/bin:/home/samantha/bin:/usr/local/sbin:/usr/local/bin:/usr/sbin:/usr/bin:/sbin:/bin:/usr/games:/usr/local/games:/snap/bin
# environment
GPG_AGENT_INFO = /run/user/1000/gnupg/S.gpg-agent:0:1
# environment
SESSION_MANAGER = local/samantha-aspire:@/tmp/.ICE-unix/2937,unix/samantha-aspire:/tmp/.ICE-unix/2937
# environment
XDG_RUNTIME_DIR = /run/user/1000
# environment
NVM_BIN = /home/samantha/.nvm/versions/node/v17.4.0/bin
# environment
XDG_MENU_PREFIX = gnome-
# environment
VSCODE_LOG_STACK = false
# environment
ELECTRON_RUN_AS_NODE = 1
# environment
INVOCATION_ID = dd876bbc21ca49b88fe45aafa4952826
# default
.FEATURES := target-specific order-only second-expansion else-if shortest-stem undefine oneshell archives jobserver output-sync check-symlink load
# environment
LS_COLORS = 
# environment
XDG_SESSION_DESKTOP = ubuntu
# environment
SSH_AUTH_SOCK = /run/user/1000/keyring/ssh
# environment
GIO_LAUNCHED_DESKTOP_FILE_PID = 21508
# automatic
%F = $(notdir $%)
# environment
DISPLAY = :0
# makefile (from 'Makefile', line 51)
SRCDIR := /home/samantha/Downloads/projeto-1-concorrente/src
# environment
VSCODE_PIPE_LOGGING = true
# environment
PWD = /home/samantha/Downloads/projeto-1-concorrente
# default
.LOADED := 
# environment
SSH_AGENT_PID = 2898
# environment
ORIGINAL_XDG_CURRENT_DESKTOP = ubuntu:GNOME
# environment
GTK_MODULES = gail:atk-bridge
# environment
VSCODE_AMD_ENTRYPOINT = vs/workbench/api/node/extensionHostProcess
# environment
HOME = /home/samantha
# environment
LESSCLOSE = /usr/bin/lesspipe %s %s
# environment
VSCODE_CODE_CACHE_PATH = /home/samantha/.config/Code/CachedData/da15b6fd3ef856477bf6f4fb29ba1b7af717770d
# environment
LOGNAME = samantha
# environment
APPLICATION_INSIGHTS_NO_DIAGNOSTIC_CHANNEL = 1
# environment
NVM_CD_FLAGS = 
# environment
VSCODE_HANDLES_UNCAUGHT_ERRORS = true
# environment
GNOME_DESKTOP_SESSION_ID = this-is-deprecated
# automatic
^D = $(patsubst %/,%,$(dir $^))
# environment
MAKELEVEL := 0
# makefile (from 'Makefile', line 35)
VERBOSE = false
# default
MAKE = $(MAKE_COMMAND)
# default
MAKECMDGOALS := all
# environment
QT_IM_MODULE = ibus
# environment
SHLVL = 0
# makefile (from 'Makefile', line 48)
BINDIR := /home/samantha/Downloads/projeto-1-concorrente/bin
# environment
GNOME_SHELL_SESSION_MODE = ubuntu
# environment
VSCODE_IPC_HOOK_EXTHOST = /run/user/1000/vscode-ipc-5c583f16-ea3e-4b61-881f-85a2af313661.sock
# makefile (from 'Makefile', line 41)
EXEC = program
# default
MAKE_VERSION := 4.2.1
# environment
USER = samantha
# makefile (from 'Makefile', line 28)
.DEFAULT_GOAL := all
# environment
XDG_CURRENT_DESKTOP = Unity
# automatic
%D = $(patsubst %/,%,$(dir $%))
# default
MAKE_COMMAND := make
# default
.VARIABLES := 
# automatic
*F = $(notdir $*)
# environment
LANGUAGE = pt_BR:pt:en
# environment
VSCODE_IPC_HOOK = /run/user/1000/vscode-c5f2d40b-1.67.1-main.sock
# makefile
MAKEFLAGS = pqrR
# environment
MFLAGS = -pqrR
# automatic
*D = $(patsubst %/,%,$(dir $*))
# environment
NVM_DIR = /home/samantha/.nvm
# automatic
+D = $(patsubst %/,%,$(dir $+))
# environment
GDK_BACKEND = x11
# automatic
+F = $(notdir $+)
# environment
QT_ACCESSIBILITY = 1
# environment
DEFAULTS_PATH = /usr/share/gconf/ubuntu.default.path
# default
MAKEFILES := 
# automatic
<F = $(notdir $<)
# environment
LC_ALL = C
# environment
GJS_DEBUG_TOPICS = JS ERROR;JS LOG
# automatic
^F = $(notdir $^)
# default
SUFFIXES := 
# makefile (from 'Makefile', line 47)
ROOTDIR := /home/samantha/Downloads/projeto-1-concorrente
# environment
CHROME_DESKTOP = code-url-handler.desktop
# environment
WINDOWPATH = 2
# default
.INCLUDE_DIRS = /usr/include /usr/local/include /usr/include
# environment
GJS_DEBUG_OUTPUT = stderr
# default
.RECIPEPREFIX := 
# environment
LANG = C
# environment
VSCODE_PID = 21508
# variable set hash-table stats:
# Load=112/1024=11%, Rehash=0, Collisions=17/150=11%

# Pattern-specific Variable Values

# No pattern-specific variable values.

# Directories

# . (device 66309, inode 918844): 9 files, no impossibilities.

# 9 files, no impossibilities in 1 directories.

# Implicit Rules

# No implicit rules.

# Files

all:
#  Command line target.
#  Implicit rule search has not been done.
#  Implicit/static pattern stem: ''
#  Modification time never checked.
#  File has been updated.
#  Needs to be updated (-q is set).
# automatic
# @ := all
# automatic
# % := 
# automatic
# * := 
# automatic
# + := 
# automatic
# | := 
# automatic
# < := 
# automatic
# ^ := 
# automatic
# ? := 
# variable set hash-table stats:
# Load=8/32=25%, Rehash=0, Collisions=2/14=14%
#  recipe to execute (from 'Makefile', line 59):
	$(MAKE) -C $(SRCDIR) all

distclean:
#  Implicit rule search has not been done.
#  Modification time never checked.
#  File has not been updated.
#  recipe to execute (from 'Makefile', line 67):
	$(MAKE) -C $(SRCDIR) distclean

# Not a target:
.SUFFIXES:
#  Implicit rule search has not been done.
#  Modification time never checked.
#  File has not been updated.

# Not a target:
Makefile:
#  Implicit rule search has been done.
#  Last modified 2022-06-13 16:36:17.92135409
#  File has been updated.
#  Successfully updated.

# Not a target:
.DEFAULT:
#  Implicit rule search has not been done.
#  Modification time never checked.
#  File has not been updated.

clean: distclean
#  Implicit rule search has not been done.
#  Modification time never checked.
#  File has not been updated.
#  recipe to execute (from 'Makefile', line 63):
	$(MAKE) -C $(SRCDIR) clean

# files hash-table stats:
# Load=6/1024=1%, Rehash=0, Collisions=0/21=0%
# VPATH Search Paths

# No 'vpath' search paths.

# No general ('VPATH' variable) search path.

# strcache buffers: 1 (0) / strings = 16 / storage = 124 B / avg = 7 B
# current buf: size = 8162 B / used = 124 B / count = 16 / avg = 7 B

# strcache performance: lookups = 26 / hit rate = 38%
# hash-table stats:
# Load=16/8192=0%, Rehash=0, Collisions=1/26=4%
# Finished Make data base on Sat Jun 18 00:02:45 2022

 
